mode: set
github.com/saatvik-10/goLang-basics/main.go:33.13,87.12 32 0
github.com/saatvik-10/goLang-basics/main.go:87.12,89.3 1 0
github.com/saatvik-10/goLang-basics/main.go:89.8,91.3 1 0
github.com/saatvik-10/goLang-basics/main.go:93.2,93.25 1 0
github.com/saatvik-10/goLang-basics/main.go:93.25,95.3 1 0
github.com/saatvik-10/goLang-basics/main.go:97.2,99.33 2 0
github.com/saatvik-10/goLang-basics/main.go:99.33,101.3 1 0
github.com/saatvik-10/goLang-basics/main.go:103.2,107.43 4 0
github.com/saatvik-10/goLang-basics/main.go:107.43,109.3 1 0
github.com/saatvik-10/goLang-basics/main.go:111.2,113.33 2 0
github.com/saatvik-10/goLang-basics/main.go:113.33,115.3 1 0
github.com/saatvik-10/goLang-basics/main.go:117.2,128.25 6 0
github.com/saatvik-10/goLang-basics/main.go:128.25,130.3 1 0
github.com/saatvik-10/goLang-basics/main.go:132.2,173.16 15 0
github.com/saatvik-10/goLang-basics/main.go:173.16,175.3 1 0
github.com/saatvik-10/goLang-basics/main.go:177.2,197.16 14 0
github.com/saatvik-10/goLang-basics/main.go:197.16,199.3 1 0
github.com/saatvik-10/goLang-basics/main.go:200.2,203.16 3 0
github.com/saatvik-10/goLang-basics/main.go:203.16,206.3 2 0
github.com/saatvik-10/goLang-basics/main.go:207.2,207.21 1 0
github.com/saatvik-10/goLang-basics/main.go:210.44,213.12 2 1
github.com/saatvik-10/goLang-basics/main.go:213.12,215.3 1 1
github.com/saatvik-10/goLang-basics/main.go:216.2,217.20 2 1
github.com/saatvik-10/goLang-basics/main.go:222.32,225.2 2 0
github.com/saatvik-10/goLang-basics/main.go:227.26,230.2 2 0
github.com/saatvik-10/goLang-basics/main.go:232.29,234.2 1 0
github.com/saatvik-10/goLang-basics/main.go:236.34,238.2 1 0
github.com/saatvik-10/goLang-basics/main.go:240.38,242.2 1 0
github.com/saatvik-10/goLang-basics/main.go:244.36,247.2 2 0
